<?xml version="1.0" encoding="UTF-8"?>
<!-- Generated by org.testng.reporters.JUnitReportReporter -->
<testsuite skipped="0" hostname="ITCL0VRNR" name="herokuapp.T_01_TextBoxes_Buttons" tests="2" failures="0" timestamp="21 Jan 2021 13:13:36 GMT" time="3.120" errors="0">
  <testcase name="GetColor" time="3.081" classname="herokuapp.T_01_TextBoxes_Buttons"/>
  <testcase name="GetUrL" time="0.039" classname="herokuapp.T_01_TextBoxes_Buttons"/>
</testsuite> <!-- herokuapp.T_01_TextBoxes_Buttons -->
