<?xml version="1.0" encoding="UTF-8"?>
<!-- Generated by org.testng.reporters.JUnitReportReporter -->
<testsuite skipped="0" hostname="ITCL0VRNR" name="herokuapp.T_03_CheckBoxes" tests="1" failures="0" timestamp="21 Jan 2021 14:25:37 GMT" time="7.687" errors="0">
  <testcase name="checkBox" time="7.687" classname="herokuapp.T_03_CheckBoxes"/>
</testsuite> <!-- herokuapp.T_03_CheckBoxes -->
